Modified file saved to: C:\Users\victorisr\OneDrive - Microsoft\Desktop\releases.md
Timestamp: 4/1/2025 6:00:51 PM
Modified file saved to: C:\Users\victorisr\OneDrive - Microsoft\Desktop\releases.md
Timestamp: 4/1/2025 6:04:59 PM
Modified file saved to: C:\Users\victorisr\OneDrive - Microsoft\Desktop\releases.md
Timestamp: 4/1/2025 6:11:03 PM
Modified file saved to: C:\Users\victorisr\OneDrive - Microsoft\Desktop\README.md
Timestamp: 4/1/2025 6:25:12 PM
Modified file saved to: C:\Users\victorisr\OneDrive - Microsoft\Desktop\releases.md
Timestamp: 4/1/2025 6:25:12 PM
Modified file saved to: C:\Users\victorisr\OneDrive - Microsoft\Desktop\README.md
Timestamp: 4/1/2025 6:37:07 PM
Modified file saved to: C:\Users\victorisr\OneDrive - Microsoft\Desktop\releases.md
Timestamp: 4/1/2025 6:37:08 PM
Modified file saved to: C:\Users\victorisr\OneDrive - Microsoft\Desktop\README.md
Timestamp: 4/1/2025 6:39:44 PM
Modified file saved to: C:\Users\victorisr\OneDrive - Microsoft\Desktop\releases.md
Timestamp: 4/1/2025 6:39:44 PM
Modified file saved to: C:\Users\victorisr\OneDrive - Microsoft\Desktop\2README.md
Timestamp: 4/1/2025 6:39:44 PM
Modified file saved to: C:\Users\victorisr\OneDrive - Microsoft\Desktop\README.md
Timestamp: 4/1/2025 6:47:48 PM
Modified file saved to: C:\Users\victorisr\OneDrive - Microsoft\Desktop\releases.md
Timestamp: 4/1/2025 6:47:48 PM
Modified file saved to: C:\Users\victorisr\OneDrive - Microsoft\Desktop\2README.md
Timestamp: 4/1/2025 6:47:48 PM
An error occurred: Index was outside the bounds of the array.
Timestamp: 4/1/2025 6:47:49 PM
Modified file saved to: C:\Users\victorisr\OneDrive - Microsoft\Desktop\README.md
Timestamp: 4/1/2025 6:55:48 PM
Modified file saved to: C:\Users\victorisr\OneDrive - Microsoft\Desktop\releases.md
Timestamp: 4/1/2025 6:55:49 PM
Modified file saved to: C:\Users\victorisr\OneDrive - Microsoft\Desktop\2README.md
Timestamp: 4/1/2025 6:55:49 PM
An error occurred: Index was outside the bounds of the array.
Timestamp: 4/1/2025 6:55:49 PM
Modified file saved to: C:\Users\victorisr\OneDrive - Microsoft\Desktop\README.md
Timestamp: 4/1/2025 6:56:34 PM
Modified file saved to: C:\Users\victorisr\OneDrive - Microsoft\Desktop\releases.md
Timestamp: 4/1/2025 6:56:34 PM
Modified file saved to: C:\Users\victorisr\OneDrive - Microsoft\Desktop\2README.md
Timestamp: 4/1/2025 6:56:35 PM
An error occurred: Index was outside the bounds of the array.
Timestamp: 4/1/2025 6:56:35 PM
Modified file saved to: C:\Users\victorisr\OneDrive - Microsoft\Desktop\README.md
Timestamp: 4/1/2025 8:31:32 PM
Modified file saved to: C:\Users\victorisr\OneDrive - Microsoft\Desktop\releases.md
Timestamp: 4/1/2025 8:31:32 PM
Modified file saved to: C:\Users\victorisr\OneDrive - Microsoft\Desktop\2README.md
Timestamp: 4/1/2025 8:31:32 PM
Modified file saved to: C:\Users\victorisr\OneDrive - Microsoft\Desktop\cve8.md
Timestamp: 4/1/2025 8:31:42 PM
Rate limit exceeded. Waiting for 50.5369732 seconds before retrying...
Timestamp: 4/1/2025 8:31:43 PM
Modified file saved to: C:\Users\victorisr\OneDrive - Microsoft\Desktop\cve9.md
Timestamp: 4/1/2025 8:32:35 PM
